<?xml version="1.0" encoding="UTF-8"?>
<testsuite name="com.nate.upload.UploadApplicationTests" tests="1" skipped="0" failures="0" errors="0" timestamp="2021-07-12T21:11:41" hostname="LAMU02C91FPMD6R.uhc.com." time="0.011">
  <properties/>
  <testcase name="contextLoads()" classname="com.nate.upload.UploadApplicationTests" time="0.011"/>
  <system-out><![CDATA[]]></system-out>
  <system-err><![CDATA[]]></system-err>
</testsuite>
